OK   christmais/0ioAPxi.png
OK   christmais/JikBJYD.png
OK   christmais/P7lAdb0.png
OK   christmais/TFGRexp.jpg
OK   christmais/V746am3.png
OK   christmais/ahmJvt2.png
OK   christmais/fTVWgta.png
OK   christmais/gHiMAgS.jpg
OK   christmais/tt6xMXx.png
OK   christmais/uglus41.jpg
OK   christmais/zwM2tib.jpg
OK   pfn-internship/0EMydkG.gif
OK   pfn-internship/37Pr9Rm.png
OK   pfn-internship/4FaUjxW.png
OK   pfn-internship/CgGgAN8.png
OK   pfn-internship/SJDjPk7.png
OK   pfn-internship/aezXER6.png
OK   pfn-internship/bbYwW6D.gif
OK   pfn-internship/ppeLL0x.png
OK   pfn-internship/vm1NMSH.png
OK   pfn-internship/vshQdEq.gif
OK   abyss/eA0Pv9h.gif
OK   de-trained-neural-network-for-solving-the-two-spiral-problem/AB14SHCl.png
OK   de-trained-neural-network-for-solving-the-two-spiral-problem/oEHj0Dhl.png
OK   forward-kinematics-stanford-manipulator/AjVMtIGl.png
FAIL forward-kinematics-stanford-manipulator/StBp7rGl.png -> restored imgur url
FAIL forward-kinematics-stanford-manipulator/uxf2xKtl.png -> restored imgur url
OK   ant-colony-optimization-tsp/1mqQCyrl.png
FAIL ant-colony-optimization-tsp/ISCpfpkl.png -> restored imgur url
FAIL ant-colony-optimization-tsp/SnW6hVll.png -> restored imgur url
FAIL ant-colony-optimization-tsp/lVuDTDkl.png -> restored imgur url
FAIL ant-colony-optimization-tsp/neFD3JDl.png -> restored imgur url
FAIL ant-colony-optimization-tsp/tqkRm4dl.png -> restored imgur url
OK   pso-trained-neural-network-for-solving-the-two-spiral-problem/AB14SHCl.png
OK   pso-trained-neural-network-for-solving-the-two-spiral-problem/JtMGhr8l.png
OK   softmax-and-the-negative-log-likelihood/hU252jE.jpg
OK   generating-ph-myths/2cTcXG1.mp4
OK   generating-ph-myths/32IzDcS.mp4
OK   generating-ph-myths/562OYMa.mp4
OK   generating-ph-myths/8KjHw3O.mp4
OK   generating-ph-myths/JlNQfwW.mp4
OK   generating-ph-myths/KS2Ayag.mp4
OK   generating-ph-myths/Sg2w8X0.mp4
OK   generating-ph-myths/nBvTQiY.mp4
OK   generating-ph-myths/sQ0V68X.mp4
OK   generating-ph-myths/xgjWVf5.mp4

DONE. recovered=39, failed=7
